attachInterrupt   /home/aaa/llvm-arduino-due/build/core/WInterrupts.c.o.ll
detachInterrupt   /home/aaa/llvm-arduino-due/build/core/WInterrupts.c.o.ll
PIOA_Handler   /home/aaa/llvm-arduino-due/build/core/WInterrupts.c.o.ll
PIOB_Handler   /home/aaa/llvm-arduino-due/build/core/WInterrupts.c.o.ll
PIOC_Handler   /home/aaa/llvm-arduino-due/build/core/WInterrupts.c.o.ll
PIOD_Handler   /home/aaa/llvm-arduino-due/build/core/WInterrupts.c.o.ll
__initialize   /home/aaa/llvm-arduino-due/build/core/WInterrupts.c.o.ll
NVIC_DisableIRQ   /home/aaa/llvm-arduino-due/build/core/WInterrupts.c.o.ll
NVIC_ClearPendingIRQ   /home/aaa/llvm-arduino-due/build/core/WInterrupts.c.o.ll
NVIC_SetPriority   /home/aaa/llvm-arduino-due/build/core/WInterrupts.c.o.ll
NVIC_EnableIRQ   /home/aaa/llvm-arduino-due/build/core/WInterrupts.c.o.ll
SVC_Handler   /home/aaa/llvm-arduino-due/build/core/cortex_handlers.c.o.ll
PendSV_Handler   /home/aaa/llvm-arduino-due/build/core/cortex_handlers.c.o.ll
SysTick_Handler   /home/aaa/llvm-arduino-due/build/core/cortex_handlers.c.o.ll
__empty   /home/aaa/llvm-arduino-due/build/core/hooks.c.o.ll
__false   /home/aaa/llvm-arduino-due/build/core/hooks.c.o.ll
itoa   /home/aaa/llvm-arduino-due/build/core/itoa.c.o.ll
ltoa   /home/aaa/llvm-arduino-due/build/core/itoa.c.o.ll
utoa   /home/aaa/llvm-arduino-due/build/core/itoa.c.o.ll
ultoa   /home/aaa/llvm-arduino-due/build/core/itoa.c.o.ll
_sbrk   /home/aaa/llvm-arduino-due/build/core/syscalls_sam3.c.o.ll
link   /home/aaa/llvm-arduino-due/build/core/syscalls_sam3.c.o.ll
_close   /home/aaa/llvm-arduino-due/build/core/syscalls_sam3.c.o.ll
_fstat   /home/aaa/llvm-arduino-due/build/core/syscalls_sam3.c.o.ll
_isatty   /home/aaa/llvm-arduino-due/build/core/syscalls_sam3.c.o.ll
_lseek   /home/aaa/llvm-arduino-due/build/core/syscalls_sam3.c.o.ll
_read   /home/aaa/llvm-arduino-due/build/core/syscalls_sam3.c.o.ll
_write   /home/aaa/llvm-arduino-due/build/core/syscalls_sam3.c.o.ll
_kill   /home/aaa/llvm-arduino-due/build/core/syscalls_sam3.c.o.ll
_getpid   /home/aaa/llvm-arduino-due/build/core/syscalls_sam3.c.o.ll
millis   /home/aaa/llvm-arduino-due/build/core/wiring.c.o.ll
micros   /home/aaa/llvm-arduino-due/build/core/wiring.c.o.ll
delay   /home/aaa/llvm-arduino-due/build/core/wiring.c.o.ll
analogReadResolution   /home/aaa/llvm-arduino-due/build/core/wiring_analog.c.o.ll
analogWriteResolution   /home/aaa/llvm-arduino-due/build/core/wiring_analog.c.o.ll
analogReference   /home/aaa/llvm-arduino-due/build/core/wiring_analog.c.o.ll
analogRead   /home/aaa/llvm-arduino-due/build/core/wiring_analog.c.o.ll
mapResolution   /home/aaa/llvm-arduino-due/build/core/wiring_analog.c.o.ll
analogOutputInit   /home/aaa/llvm-arduino-due/build/core/wiring_analog.c.o.ll
analogWrite   /home/aaa/llvm-arduino-due/build/core/wiring_analog.c.o.ll
TC_SetCMR_ChannelA   /home/aaa/llvm-arduino-due/build/core/wiring_analog.c.o.ll
TC_SetCMR_ChannelB   /home/aaa/llvm-arduino-due/build/core/wiring_analog.c.o.ll
pinMode   /home/aaa/llvm-arduino-due/build/core/wiring_digital.c.o.ll
digitalWrite   /home/aaa/llvm-arduino-due/build/core/wiring_digital.c.o.ll
digitalRead   /home/aaa/llvm-arduino-due/build/core/wiring_digital.c.o.ll
shiftIn   /home/aaa/llvm-arduino-due/build/core/wiring_shift.c.o.ll
shiftOut   /home/aaa/llvm-arduino-due/build/core/wiring_shift.c.o.ll
__cxx_global_var_init   /home/aaa/llvm-arduino-due/build/core/IPAddress.cpp.o.ll
_ZN9IPAddressC2Ev   /home/aaa/llvm-arduino-due/build/core/IPAddress.cpp.o.ll
_ZN9PrintableC2Ev   /home/aaa/llvm-arduino-due/build/core/IPAddress.cpp.o.ll
_ZN9IPAddressC2Ehhhh   /home/aaa/llvm-arduino-due/build/core/IPAddress.cpp.o.ll
_ZN9IPAddressC2Ej   /home/aaa/llvm-arduino-due/build/core/IPAddress.cpp.o.ll
_ZN9IPAddressC2EPKh   /home/aaa/llvm-arduino-due/build/core/IPAddress.cpp.o.ll
_ZN9IPAddress10fromStringEPKc   /home/aaa/llvm-arduino-due/build/core/IPAddress.cpp.o.ll
_ZN9IPAddressaSEPKh   /home/aaa/llvm-arduino-due/build/core/IPAddress.cpp.o.ll
_ZN9IPAddressaSEj   /home/aaa/llvm-arduino-due/build/core/IPAddress.cpp.o.ll
_ZNK9IPAddresseqEPKh   /home/aaa/llvm-arduino-due/build/core/IPAddress.cpp.o.ll
_ZNK9IPAddress7printToER5Print   /home/aaa/llvm-arduino-due/build/core/IPAddress.cpp.o.ll
_GLOBAL__sub_I_IPAddress.cpp   /home/aaa/llvm-arduino-due/build/core/IPAddress.cpp.o.ll
_ZN5Print5writeEPKhj   /home/aaa/llvm-arduino-due/build/core/Print.cpp.o.ll
_ZN5Print5printEPK19__FlashStringHelper   /home/aaa/llvm-arduino-due/build/core/Print.cpp.o.ll
_ZN5Print5printEPKc   /home/aaa/llvm-arduino-due/build/core/Print.cpp.o.ll
_ZN5Print5printERK6String   /home/aaa/llvm-arduino-due/build/core/Print.cpp.o.ll
_ZN5Print5writeEPKcj   /home/aaa/llvm-arduino-due/build/core/Print.cpp.o.ll
_ZNK6String5c_strEv   /home/aaa/llvm-arduino-due/build/core/Print.cpp.o.ll
_ZNK6String6lengthEv   /home/aaa/llvm-arduino-due/build/core/Print.cpp.o.ll
_ZN5Print5writeEPKc   /home/aaa/llvm-arduino-due/build/core/Print.cpp.o.ll
_ZN5Print5printEc   /home/aaa/llvm-arduino-due/build/core/Print.cpp.o.ll
_ZN5Print5printEhi   /home/aaa/llvm-arduino-due/build/core/Print.cpp.o.ll
_ZN5Print5printEmi   /home/aaa/llvm-arduino-due/build/core/Print.cpp.o.ll
_ZN5Print5printEii   /home/aaa/llvm-arduino-due/build/core/Print.cpp.o.ll
_ZN5Print5printEli   /home/aaa/llvm-arduino-due/build/core/Print.cpp.o.ll
_ZN5Print5printEji   /home/aaa/llvm-arduino-due/build/core/Print.cpp.o.ll
_ZN5Print11printNumberEmh   /home/aaa/llvm-arduino-due/build/core/Print.cpp.o.ll
_ZN5Print5printEdi   /home/aaa/llvm-arduino-due/build/core/Print.cpp.o.ll
_ZN5Print10printFloatEdh   /home/aaa/llvm-arduino-due/build/core/Print.cpp.o.ll
_ZN5Print7printlnEPK19__FlashStringHelper   /home/aaa/llvm-arduino-due/build/core/Print.cpp.o.ll
_ZN5Print7printlnEv   /home/aaa/llvm-arduino-due/build/core/Print.cpp.o.ll
_ZN5Print5printERK9Printable   /home/aaa/llvm-arduino-due/build/core/Print.cpp.o.ll
_ZN5Print7printlnERK6String   /home/aaa/llvm-arduino-due/build/core/Print.cpp.o.ll
_ZN5Print7printlnEPKc   /home/aaa/llvm-arduino-due/build/core/Print.cpp.o.ll
_ZN5Print7printlnEc   /home/aaa/llvm-arduino-due/build/core/Print.cpp.o.ll
_ZN5Print7printlnEhi   /home/aaa/llvm-arduino-due/build/core/Print.cpp.o.ll
_ZN5Print7printlnEii   /home/aaa/llvm-arduino-due/build/core/Print.cpp.o.ll
_ZN5Print7printlnEji   /home/aaa/llvm-arduino-due/build/core/Print.cpp.o.ll
_ZN5Print7printlnEli   /home/aaa/llvm-arduino-due/build/core/Print.cpp.o.ll
_ZN5Print7printlnEmi   /home/aaa/llvm-arduino-due/build/core/Print.cpp.o.ll
_ZN5Print7printlnEdi   /home/aaa/llvm-arduino-due/build/core/Print.cpp.o.ll
_ZN5Print7printlnERK9Printable   /home/aaa/llvm-arduino-due/build/core/Print.cpp.o.ll
initiateReset   /home/aaa/llvm-arduino-due/build/core/Reset.cpp.o.ll
cancelReset   /home/aaa/llvm-arduino-due/build/core/Reset.cpp.o.ll
tickReset   /home/aaa/llvm-arduino-due/build/core/Reset.cpp.o.ll
_ZN10RingBufferC2Ev   /home/aaa/llvm-arduino-due/build/core/RingBuffer.cpp.o.ll
_ZN10RingBuffer10store_charEh   /home/aaa/llvm-arduino-due/build/core/RingBuffer.cpp.o.ll
_ZN6Stream9timedReadEv   /home/aaa/llvm-arduino-due/build/core/Stream.cpp.o.ll
_ZN6Stream9timedPeekEv   /home/aaa/llvm-arduino-due/build/core/Stream.cpp.o.ll
_ZN6Stream13peekNextDigitE13LookaheadModeb   /home/aaa/llvm-arduino-due/build/core/Stream.cpp.o.ll
_ZN6Stream10setTimeoutEm   /home/aaa/llvm-arduino-due/build/core/Stream.cpp.o.ll
_ZN6Stream4findEPc   /home/aaa/llvm-arduino-due/build/core/Stream.cpp.o.ll
_ZN6Stream9findUntilEPcjS0_j   /home/aaa/llvm-arduino-due/build/core/Stream.cpp.o.ll
_ZN6Stream4findEPcj   /home/aaa/llvm-arduino-due/build/core/Stream.cpp.o.ll
_ZN6Stream9findUntilEPcS0_   /home/aaa/llvm-arduino-due/build/core/Stream.cpp.o.ll
_ZN6Stream9findMultiEPNS_11MultiTargetEi   /home/aaa/llvm-arduino-due/build/core/Stream.cpp.o.ll
_ZN6Stream8parseIntE13LookaheadModec   /home/aaa/llvm-arduino-due/build/core/Stream.cpp.o.ll
_ZN6Stream10parseFloatE13LookaheadModec   /home/aaa/llvm-arduino-due/build/core/Stream.cpp.o.ll
_ZN6Stream9readBytesEPcj   /home/aaa/llvm-arduino-due/build/core/Stream.cpp.o.ll
_ZN6Stream14readBytesUntilEcPcj   /home/aaa/llvm-arduino-due/build/core/Stream.cpp.o.ll
_ZN6Stream10readStringEv   /home/aaa/llvm-arduino-due/build/core/Stream.cpp.o.ll
_ZN6StringpLEc   /home/aaa/llvm-arduino-due/build/core/Stream.cpp.o.ll
_ZN6Stream15readStringUntilEc   /home/aaa/llvm-arduino-due/build/core/Stream.cpp.o.ll
_ZN9UARTClassC2EP4Uart4IRQnjP10RingBufferS4_   /home/aaa/llvm-arduino-due/build/core/UARTClass.cpp.o.ll
_ZN14HardwareSerialC2Ev   /home/aaa/llvm-arduino-due/build/core/UARTClass.cpp.o.ll
_ZN9UARTClass5beginEj   /home/aaa/llvm-arduino-due/build/core/UARTClass.cpp.o.ll
_ZN9UARTClass5beginEjNS_9UARTModesE   /home/aaa/llvm-arduino-due/build/core/UARTClass.cpp.o.ll
_ZN9UARTClass4initEjj   /home/aaa/llvm-arduino-due/build/core/UARTClass.cpp.o.ll
_ZL14NVIC_EnableIRQ4IRQn   /home/aaa/llvm-arduino-due/build/core/UARTClass.cpp.o.ll
_ZN9UARTClass3endEv   /home/aaa/llvm-arduino-due/build/core/UARTClass.cpp.o.ll
_ZL15NVIC_DisableIRQ4IRQn   /home/aaa/llvm-arduino-due/build/core/UARTClass.cpp.o.ll
_ZN9UARTClass20setInterruptPriorityEj   /home/aaa/llvm-arduino-due/build/core/UARTClass.cpp.o.ll
_ZL16NVIC_SetPriority4IRQnj   /home/aaa/llvm-arduino-due/build/core/UARTClass.cpp.o.ll
_ZN9UARTClass20getInterruptPriorityEv   /home/aaa/llvm-arduino-due/build/core/UARTClass.cpp.o.ll
_ZL16NVIC_GetPriority4IRQn   /home/aaa/llvm-arduino-due/build/core/UARTClass.cpp.o.ll
_ZN9UARTClass9availableEv   /home/aaa/llvm-arduino-due/build/core/UARTClass.cpp.o.ll
_ZN9UARTClass17availableForWriteEv   /home/aaa/llvm-arduino-due/build/core/UARTClass.cpp.o.ll
_ZN9UARTClass4peekEv   /home/aaa/llvm-arduino-due/build/core/UARTClass.cpp.o.ll
_ZN9UARTClass4readEv   /home/aaa/llvm-arduino-due/build/core/UARTClass.cpp.o.ll
_ZN9UARTClass5flushEv   /home/aaa/llvm-arduino-due/build/core/UARTClass.cpp.o.ll
_ZN9UARTClass5writeEh   /home/aaa/llvm-arduino-due/build/core/UARTClass.cpp.o.ll
_ZN9UARTClass10IrqHandlerEv   /home/aaa/llvm-arduino-due/build/core/UARTClass.cpp.o.ll
_ZN14HardwareSerial5beginEm   /home/aaa/llvm-arduino-due/build/core/UARTClass.cpp.o.ll
_ZN9UARTClasscvbEv   /home/aaa/llvm-arduino-due/build/core/UARTClass.cpp.o.ll
_ZN6StreamC2Ev   /home/aaa/llvm-arduino-due/build/core/UARTClass.cpp.o.ll
_ZN14HardwareSerial3endEv   /home/aaa/llvm-arduino-due/build/core/UARTClass.cpp.o.ll
_ZN5PrintC2Ev   /home/aaa/llvm-arduino-due/build/core/UARTClass.cpp.o.ll
_ZN10USARTClassC2EP5Usart4IRQnjP10RingBufferS4_   /home/aaa/llvm-arduino-due/build/core/USARTClass.cpp.o.ll
_ZN10USARTClass5beginEj   /home/aaa/llvm-arduino-due/build/core/USARTClass.cpp.o.ll
_ZN10USARTClass5beginEjN9UARTClass9UARTModesE   /home/aaa/llvm-arduino-due/build/core/USARTClass.cpp.o.ll
_ZN10USARTClass5beginEjNS_10USARTModesE   /home/aaa/llvm-arduino-due/build/core/USARTClass.cpp.o.ll
_ZN14HardwareSerial5beginEm   /home/aaa/llvm-arduino-due/build/core/USARTClass.cpp.o.ll
_ZN9UARTClasscvbEv   /home/aaa/llvm-arduino-due/build/core/USARTClass.cpp.o.ll
_Z16CDC_GetInterfacePh   /home/aaa/llvm-arduino-due/build/core/CDC.cpp.o.ll
_Z21CDC_GetOtherInterfacePh   /home/aaa/llvm-arduino-due/build/core/CDC.cpp.o.ll
_Z9CDC_SetupR8USBSetup   /home/aaa/llvm-arduino-due/build/core/CDC.cpp.o.ll
_ZN7Serial_5beginEj   /home/aaa/llvm-arduino-due/build/core/CDC.cpp.o.ll
_ZN7Serial_5beginEjh   /home/aaa/llvm-arduino-due/build/core/CDC.cpp.o.ll
_ZN7Serial_3endEv   /home/aaa/llvm-arduino-due/build/core/CDC.cpp.o.ll
_ZN7Serial_6acceptEv   /home/aaa/llvm-arduino-due/build/core/CDC.cpp.o.ll
_ZN7Serial_9availableEv   /home/aaa/llvm-arduino-due/build/core/CDC.cpp.o.ll
_ZN7Serial_17availableForWriteEv   /home/aaa/llvm-arduino-due/build/core/CDC.cpp.o.ll
_ZN7Serial_4peekEv   /home/aaa/llvm-arduino-due/build/core/CDC.cpp.o.ll
_ZN7Serial_4readEv   /home/aaa/llvm-arduino-due/build/core/CDC.cpp.o.ll
_ZN7Serial_5flushEv   /home/aaa/llvm-arduino-due/build/core/CDC.cpp.o.ll
_ZN7Serial_5writeEPKhj   /home/aaa/llvm-arduino-due/build/core/CDC.cpp.o.ll
_ZN5Print13setWriteErrorEi   /home/aaa/llvm-arduino-due/build/core/CDC.cpp.o.ll
_ZN7Serial_5writeEh   /home/aaa/llvm-arduino-due/build/core/CDC.cpp.o.ll
_ZN7Serial_cvbEv   /home/aaa/llvm-arduino-due/build/core/CDC.cpp.o.ll
_ZN7Serial_9readBreakEv   /home/aaa/llvm-arduino-due/build/core/CDC.cpp.o.ll
_ZN7Serial_4baudEv   /home/aaa/llvm-arduino-due/build/core/CDC.cpp.o.ll
_ZN7Serial_8stopbitsEv   /home/aaa/llvm-arduino-due/build/core/CDC.cpp.o.ll
_ZN7Serial_10paritytypeEv   /home/aaa/llvm-arduino-due/build/core/CDC.cpp.o.ll
_ZN7Serial_7numbitsEv   /home/aaa/llvm-arduino-due/build/core/CDC.cpp.o.ll
_ZN7Serial_3dtrEv   /home/aaa/llvm-arduino-due/build/core/CDC.cpp.o.ll
_ZN7Serial_3rtsEv   /home/aaa/llvm-arduino-due/build/core/CDC.cpp.o.ll
__cxx_global_var_init   /home/aaa/llvm-arduino-due/build/core/CDC.cpp.o.ll
_ZN7Serial_C2Ev   /home/aaa/llvm-arduino-due/build/core/CDC.cpp.o.ll
_ZN6StreamC2Ev   /home/aaa/llvm-arduino-due/build/core/CDC.cpp.o.ll
_ZN5PrintC2Ev   /home/aaa/llvm-arduino-due/build/core/CDC.cpp.o.ll
_GLOBAL__sub_I_CDC.cpp   /home/aaa/llvm-arduino-due/build/core/CDC.cpp.o.ll
_ZN13PluggableUSB_12getInterfaceEPh   /home/aaa/llvm-arduino-due/build/core/PluggableUSB.cpp.o.ll
_ZN13PluggableUSB_13getDescriptorER8USBSetup   /home/aaa/llvm-arduino-due/build/core/PluggableUSB.cpp.o.ll
_ZN13PluggableUSB_12getShortNameEPc   /home/aaa/llvm-arduino-due/build/core/PluggableUSB.cpp.o.ll
_ZN13PluggableUSB_5setupER8USBSetup   /home/aaa/llvm-arduino-due/build/core/PluggableUSB.cpp.o.ll
_ZN13PluggableUSB_4plugEP18PluggableUSBModule   /home/aaa/llvm-arduino-due/build/core/PluggableUSB.cpp.o.ll
_Z12PluggableUSBv   /home/aaa/llvm-arduino-due/build/core/PluggableUSB.cpp.o.ll
_ZN13PluggableUSB_C2Ev   /home/aaa/llvm-arduino-due/build/core/PluggableUSB.cpp.o.ll
_Z14USBD_Availablej   /home/aaa/llvm-arduino-due/build/core/USBCore.cpp.o.ll
_ZN6LockEPC2Ej   /home/aaa/llvm-arduino-due/build/core/USBCore.cpp.o.ll
_ZN6LockEPD2Ev   /home/aaa/llvm-arduino-due/build/core/USBCore.cpp.o.ll
_Z9USBD_RecvjPvj   /home/aaa/llvm-arduino-due/build/core/USBCore.cpp.o.ll
_Z9USBD_Recvj   /home/aaa/llvm-arduino-due/build/core/USBCore.cpp.o.ll
_Z9USBD_SendjPKvj   /home/aaa/llvm-arduino-due/build/core/USBCore.cpp.o.ll
_Z16USBD_InitControli   /home/aaa/llvm-arduino-due/build/core/USBCore.cpp.o.ll
_Z16USBD_SendControlhPKvj   /home/aaa/llvm-arduino-due/build/core/USBCore.cpp.o.ll
_Z16USBD_RecvControlPvj   /home/aaa/llvm-arduino-due/build/core/USBCore.cpp.o.ll
_Z26USBD_ClassInterfaceRequestR8USBSetup   /home/aaa/llvm-arduino-due/build/core/USBCore.cpp.o.ll
_Z19USBD_SendInterfacesv   /home/aaa/llvm-arduino-due/build/core/USBCore.cpp.o.ll
_Z24USBD_SendOtherInterfacesv   /home/aaa/llvm-arduino-due/build/core/USBCore.cpp.o.ll
_Z10USBD_Flushj   /home/aaa/llvm-arduino-due/build/core/USBCore.cpp.o.ll
_Z14USBD_Connectedv   /home/aaa/llvm-arduino-due/build/core/USBCore.cpp.o.ll
__cxx_global_var_init   /home/aaa/llvm-arduino-due/build/core/USBCore.cpp.o.ll
_ZN10USBDevice_C2Ev   /home/aaa/llvm-arduino-due/build/core/USBCore.cpp.o.ll
_ZL7USB_ISRv   /home/aaa/llvm-arduino-due/build/core/USBCore.cpp.o.ll
_ZN10USBDevice_6attachEv   /home/aaa/llvm-arduino-due/build/core/USBCore.cpp.o.ll
_ZN10USBDevice_6detachEv   /home/aaa/llvm-arduino-due/build/core/USBCore.cpp.o.ll
_ZN10USBDevice_10configuredEv   /home/aaa/llvm-arduino-due/build/core/USBCore.cpp.o.ll
_ZN10USBDevice_4pollEv   /home/aaa/llvm-arduino-due/build/core/USBCore.cpp.o.ll
_ZL12cpu_irq_savev   /home/aaa/llvm-arduino-due/build/core/USBCore.cpp.o.ll
_ZL15cpu_irq_restorej   /home/aaa/llvm-arduino-due/build/core/USBCore.cpp.o.ll
_ZL24cpu_irq_is_enabled_flagsj   /home/aaa/llvm-arduino-due/build/core/USBCore.cpp.o.ll
_ZL17Test_Mode_Supporth   /home/aaa/llvm-arduino-due/build/core/USBCore.cpp.o.ll
_ZL19USBD_SendDescriptorR8USBSetup   /home/aaa/llvm-arduino-due/build/core/USBCore.cpp.o.ll
_ZL11USB_SendZlpv   /home/aaa/llvm-arduino-due/build/core/USBCore.cpp.o.ll
_ZL22USBD_SendConfigurationi   /home/aaa/llvm-arduino-due/build/core/USBCore.cpp.o.ll
_ZL24USB_SendStringDescriptorPKhi   /home/aaa/llvm-arduino-due/build/core/USBCore.cpp.o.ll
_ZL27USBD_SendOtherConfigurationi   /home/aaa/llvm-arduino-due/build/core/USBCore.cpp.o.ll
_GLOBAL__sub_I_USBCore.cpp   /home/aaa/llvm-arduino-due/build/core/USBCore.cpp.o.ll
_Z10randomSeedj   /home/aaa/llvm-arduino-due/build/core/WMath.cpp.o.ll
_Z6randoml   /home/aaa/llvm-arduino-due/build/core/WMath.cpp.o.ll
_Z6randomll   /home/aaa/llvm-arduino-due/build/core/WMath.cpp.o.ll
_Z3maplllll   /home/aaa/llvm-arduino-due/build/core/WMath.cpp.o.ll
_Z8makeWordt   /home/aaa/llvm-arduino-due/build/core/WMath.cpp.o.ll
_Z8makeWordhh   /home/aaa/llvm-arduino-due/build/core/WMath.cpp.o.ll
_ZN6StringC2EPKc   /home/aaa/llvm-arduino-due/build/core/WString.cpp.o.ll
_ZN6String4initEv   /home/aaa/llvm-arduino-due/build/core/WString.cpp.o.ll
_ZN6String4copyEPKcj   /home/aaa/llvm-arduino-due/build/core/WString.cpp.o.ll
_ZN6StringC2ERKS_   /home/aaa/llvm-arduino-due/build/core/WString.cpp.o.ll
_ZN6StringaSERKS_   /home/aaa/llvm-arduino-due/build/core/WString.cpp.o.ll
_ZN6StringC2EPK19__FlashStringHelper   /home/aaa/llvm-arduino-due/build/core/WString.cpp.o.ll
_ZN6StringaSEPK19__FlashStringHelper   /home/aaa/llvm-arduino-due/build/core/WString.cpp.o.ll
_ZN6StringC2EOS_   /home/aaa/llvm-arduino-due/build/core/WString.cpp.o.ll
_ZN6String4moveERS_   /home/aaa/llvm-arduino-due/build/core/WString.cpp.o.ll
_ZN6StringC2EO15StringSumHelper   /home/aaa/llvm-arduino-due/build/core/WString.cpp.o.ll
_ZN6StringC2Ec   /home/aaa/llvm-arduino-due/build/core/WString.cpp.o.ll
_ZN6StringaSEPKc   /home/aaa/llvm-arduino-due/build/core/WString.cpp.o.ll
_ZN6StringC2Ehh   /home/aaa/llvm-arduino-due/build/core/WString.cpp.o.ll
_ZN6StringC2Eih   /home/aaa/llvm-arduino-due/build/core/WString.cpp.o.ll
_ZN6StringC2Ejh   /home/aaa/llvm-arduino-due/build/core/WString.cpp.o.ll
_ZN6StringC2Elh   /home/aaa/llvm-arduino-due/build/core/WString.cpp.o.ll
_ZN6StringC2Emh   /home/aaa/llvm-arduino-due/build/core/WString.cpp.o.ll
_ZN6StringC2Efh   /home/aaa/llvm-arduino-due/build/core/WString.cpp.o.ll
_ZN6StringC2Edh   /home/aaa/llvm-arduino-due/build/core/WString.cpp.o.ll
_ZN6StringD2Ev   /home/aaa/llvm-arduino-due/build/core/WString.cpp.o.ll
_ZN6String10invalidateEv   /home/aaa/llvm-arduino-due/build/core/WString.cpp.o.ll
_ZN6String7reserveEj   /home/aaa/llvm-arduino-due/build/core/WString.cpp.o.ll
_ZN6String12changeBufferEj   /home/aaa/llvm-arduino-due/build/core/WString.cpp.o.ll
_ZN6String4copyEPK19__FlashStringHelperj   /home/aaa/llvm-arduino-due/build/core/WString.cpp.o.ll
_ZNK6StringcvMS_KFvvEEv   /home/aaa/llvm-arduino-due/build/core/WString.cpp.o.ll
_ZN6StringaSEOS_   /home/aaa/llvm-arduino-due/build/core/WString.cpp.o.ll
_ZN6StringaSEO15StringSumHelper   /home/aaa/llvm-arduino-due/build/core/WString.cpp.o.ll
_ZN6String6concatERKS_   /home/aaa/llvm-arduino-due/build/core/WString.cpp.o.ll
_ZN6String6concatEPKcj   /home/aaa/llvm-arduino-due/build/core/WString.cpp.o.ll
_ZN6String6concatEPKc   /home/aaa/llvm-arduino-due/build/core/WString.cpp.o.ll
_ZN6String6concatEc   /home/aaa/llvm-arduino-due/build/core/WString.cpp.o.ll
_ZN6String6concatEh   /home/aaa/llvm-arduino-due/build/core/WString.cpp.o.ll
_ZN6String6concatEi   /home/aaa/llvm-arduino-due/build/core/WString.cpp.o.ll
_ZN6String6concatEj   /home/aaa/llvm-arduino-due/build/core/WString.cpp.o.ll
_ZN6String6concatEl   /home/aaa/llvm-arduino-due/build/core/WString.cpp.o.ll
_ZN6String6concatEm   /home/aaa/llvm-arduino-due/build/core/WString.cpp.o.ll
_ZN6String6concatEf   /home/aaa/llvm-arduino-due/build/core/WString.cpp.o.ll
_ZN6String6concatEd   /home/aaa/llvm-arduino-due/build/core/WString.cpp.o.ll
_ZN6String6concatEPK19__FlashStringHelper   /home/aaa/llvm-arduino-due/build/core/WString.cpp.o.ll
_ZplRK15StringSumHelperRK6String   /home/aaa/llvm-arduino-due/build/core/WString.cpp.o.ll
_ZplRK15StringSumHelperPKc   /home/aaa/llvm-arduino-due/build/core/WString.cpp.o.ll
_ZplRK15StringSumHelperc   /home/aaa/llvm-arduino-due/build/core/WString.cpp.o.ll
_ZplRK15StringSumHelperh   /home/aaa/llvm-arduino-due/build/core/WString.cpp.o.ll
_ZplRK15StringSumHelperi   /home/aaa/llvm-arduino-due/build/core/WString.cpp.o.ll
_ZplRK15StringSumHelperj   /home/aaa/llvm-arduino-due/build/core/WString.cpp.o.ll
_ZplRK15StringSumHelperl   /home/aaa/llvm-arduino-due/build/core/WString.cpp.o.ll
_ZplRK15StringSumHelperm   /home/aaa/llvm-arduino-due/build/core/WString.cpp.o.ll
_ZplRK15StringSumHelperf   /home/aaa/llvm-arduino-due/build/core/WString.cpp.o.ll
_ZplRK15StringSumHelperd   /home/aaa/llvm-arduino-due/build/core/WString.cpp.o.ll
_ZplRK15StringSumHelperPK19__FlashStringHelper   /home/aaa/llvm-arduino-due/build/core/WString.cpp.o.ll
_ZNK6String9compareToERKS_   /home/aaa/llvm-arduino-due/build/core/WString.cpp.o.ll
_ZNK6String6equalsERKS_   /home/aaa/llvm-arduino-due/build/core/WString.cpp.o.ll
_ZNK6String6equalsEPKc   /home/aaa/llvm-arduino-due/build/core/WString.cpp.o.ll
_ZNK6StringltERKS_   /home/aaa/llvm-arduino-due/build/core/WString.cpp.o.ll
_ZNK6StringgtERKS_   /home/aaa/llvm-arduino-due/build/core/WString.cpp.o.ll
_ZNK6StringleERKS_   /home/aaa/llvm-arduino-due/build/core/WString.cpp.o.ll
_ZNK6StringgeERKS_   /home/aaa/llvm-arduino-due/build/core/WString.cpp.o.ll
_ZNK6String16equalsIgnoreCaseERKS_   /home/aaa/llvm-arduino-due/build/core/WString.cpp.o.ll
_ZNK6String10startsWithERKS_   /home/aaa/llvm-arduino-due/build/core/WString.cpp.o.ll
_ZNK6String10startsWithERKS_j   /home/aaa/llvm-arduino-due/build/core/WString.cpp.o.ll
_ZNK6String8endsWithERKS_   /home/aaa/llvm-arduino-due/build/core/WString.cpp.o.ll
_ZNK6String6charAtEj   /home/aaa/llvm-arduino-due/build/core/WString.cpp.o.ll
_ZNK6StringixEj   /home/aaa/llvm-arduino-due/build/core/WString.cpp.o.ll
_ZN6String9setCharAtEjc   /home/aaa/llvm-arduino-due/build/core/WString.cpp.o.ll
_ZN6StringixEj   /home/aaa/llvm-arduino-due/build/core/WString.cpp.o.ll
_ZNK6String8getBytesEPhjj   /home/aaa/llvm-arduino-due/build/core/WString.cpp.o.ll
_ZNK6String7indexOfEc   /home/aaa/llvm-arduino-due/build/core/WString.cpp.o.ll
_ZNK6String7indexOfEcj   /home/aaa/llvm-arduino-due/build/core/WString.cpp.o.ll
_ZNK6String7indexOfERKS_   /home/aaa/llvm-arduino-due/build/core/WString.cpp.o.ll
_ZNK6String7indexOfERKS_j   /home/aaa/llvm-arduino-due/build/core/WString.cpp.o.ll
_ZNK6String11lastIndexOfEc   /home/aaa/llvm-arduino-due/build/core/WString.cpp.o.ll
_ZNK6String11lastIndexOfEcj   /home/aaa/llvm-arduino-due/build/core/WString.cpp.o.ll
_ZNK6String11lastIndexOfERKS_   /home/aaa/llvm-arduino-due/build/core/WString.cpp.o.ll
_ZNK6String11lastIndexOfERKS_j   /home/aaa/llvm-arduino-due/build/core/WString.cpp.o.ll
_ZNK6String9substringEjj   /home/aaa/llvm-arduino-due/build/core/WString.cpp.o.ll
_ZN6String7replaceEcc   /home/aaa/llvm-arduino-due/build/core/WString.cpp.o.ll
_ZN6String7replaceERKS_S1_   /home/aaa/llvm-arduino-due/build/core/WString.cpp.o.ll
_ZN6String6removeEj   /home/aaa/llvm-arduino-due/build/core/WString.cpp.o.ll
_ZN6String6removeEjj   /home/aaa/llvm-arduino-due/build/core/WString.cpp.o.ll
_ZN6String11toLowerCaseEv   /home/aaa/llvm-arduino-due/build/core/WString.cpp.o.ll
_ZN6String11toUpperCaseEv   /home/aaa/llvm-arduino-due/build/core/WString.cpp.o.ll
_ZN6String4trimEv   /home/aaa/llvm-arduino-due/build/core/WString.cpp.o.ll
_ZNK6String5toIntEv   /home/aaa/llvm-arduino-due/build/core/WString.cpp.o.ll
_ZNK6String7toFloatEv   /home/aaa/llvm-arduino-due/build/core/WString.cpp.o.ll
_ZNK6String8toDoubleEv   /home/aaa/llvm-arduino-due/build/core/WString.cpp.o.ll
_ZNK6String14StringIfHelperEv   /home/aaa/llvm-arduino-due/build/core/WString.cpp.o.ll
initVariant   /home/aaa/llvm-arduino-due/build/core/main.cpp.o.ll
_Znwj   /home/aaa/llvm-arduino-due/build/core/new.cpp.o.ll
_Znaj   /home/aaa/llvm-arduino-due/build/core/new.cpp.o.ll
_ZdlPv   /home/aaa/llvm-arduino-due/build/core/new.cpp.o.ll
_ZdaPv   /home/aaa/llvm-arduino-due/build/core/new.cpp.o.ll
_Z14watchdogEnablej   /home/aaa/llvm-arduino-due/build/core/watchdog.cpp.o.ll
_Z15watchdogDisablev   /home/aaa/llvm-arduino-due/build/core/watchdog.cpp.o.ll
_Z13watchdogResetv   /home/aaa/llvm-arduino-due/build/core/watchdog.cpp.o.ll
_watchdogDefaultSetup   /home/aaa/llvm-arduino-due/build/core/watchdog.cpp.o.ll
pulseIn   /home/aaa/llvm-arduino-due/build/core/wiring_pulse.cpp.o.ll
pulseInLong   /home/aaa/llvm-arduino-due/build/core/wiring_pulse.cpp.o.ll
__cxx_global_var_init   /home/aaa/llvm-arduino-due/build/core/variant.cpp.o.ll
__cxx_global_var_init.1   /home/aaa/llvm-arduino-due/build/core/variant.cpp.o.ll
__cxx_global_var_init.2   /home/aaa/llvm-arduino-due/build/core/variant.cpp.o.ll
_Z11serialEventv   /home/aaa/llvm-arduino-due/build/core/variant.cpp.o.ll
UART_Handler   /home/aaa/llvm-arduino-due/build/core/variant.cpp.o.ll
__cxx_global_var_init.3   /home/aaa/llvm-arduino-due/build/core/variant.cpp.o.ll
__cxx_global_var_init.4   /home/aaa/llvm-arduino-due/build/core/variant.cpp.o.ll
__cxx_global_var_init.5   /home/aaa/llvm-arduino-due/build/core/variant.cpp.o.ll
__cxx_global_var_init.6   /home/aaa/llvm-arduino-due/build/core/variant.cpp.o.ll
__cxx_global_var_init.7   /home/aaa/llvm-arduino-due/build/core/variant.cpp.o.ll
__cxx_global_var_init.8   /home/aaa/llvm-arduino-due/build/core/variant.cpp.o.ll
__cxx_global_var_init.9   /home/aaa/llvm-arduino-due/build/core/variant.cpp.o.ll
_Z12serialEvent1v   /home/aaa/llvm-arduino-due/build/core/variant.cpp.o.ll
__cxx_global_var_init.10   /home/aaa/llvm-arduino-due/build/core/variant.cpp.o.ll
_Z12serialEvent2v   /home/aaa/llvm-arduino-due/build/core/variant.cpp.o.ll
__cxx_global_var_init.11   /home/aaa/llvm-arduino-due/build/core/variant.cpp.o.ll
_Z12serialEvent3v   /home/aaa/llvm-arduino-due/build/core/variant.cpp.o.ll
USART0_Handler   /home/aaa/llvm-arduino-due/build/core/variant.cpp.o.ll
USART1_Handler   /home/aaa/llvm-arduino-due/build/core/variant.cpp.o.ll
USART3_Handler   /home/aaa/llvm-arduino-due/build/core/variant.cpp.o.ll
_Z14serialEventRunv   /home/aaa/llvm-arduino-due/build/core/variant.cpp.o.ll
init   /home/aaa/llvm-arduino-due/build/core/variant.cpp.o.ll
_ZL14SysTick_Configj   /home/aaa/llvm-arduino-due/build/core/variant.cpp.o.ll
_ZL16NVIC_SetPriority4IRQnj   /home/aaa/llvm-arduino-due/build/core/variant.cpp.o.ll
_GLOBAL__sub_I_variant.cpp   /home/aaa/llvm-arduino-due/build/core/variant.cpp.o.ll
initVariant   /home/aaa/llvm-arduino-due/build/Blink.ino.cpp.o.ll
setup   /home/aaa/llvm-arduino-due/build/Blink.ino.cpp.o.ll
loop   /home/aaa/llvm-arduino-due/build/Blink.ino.cpp.o.ll
_Z4goodv   /home/aaa/llvm-arduino-due/build/Blink.ino.cpp.o.ll
